{"C:\\Users\\Vladimir\\Downloads\\Netology\\Домашние задания продвинутый Javascript\\Object properties\\1st task\\src\\js\\sortObject.js": {"path":"C:\\Users\\Vladimir\\Downloads\\Netology\\Домашние задания продвинутый Javascript\\Object properties\\1st task\\src\\js\\sortObject.js","statementMap":{"0":{"start":{"line":2,"column":17},"end":{"line":2,"column":19}},"1":{"start":{"line":4,"column":20},"end":{"line":11,"column":6}},"2":{"start":{"line":7,"column":6},"end":{"line":9,"column":7}},"3":{"start":{"line":8,"column":8},"end":{"line":8,"column":17}},"4":{"start":{"line":10,"column":6},"end":{"line":10,"column":16}},"5":{"start":{"line":13,"column":2},"end":{"line":15,"column":3}},"6":{"start":{"line":14,"column":4},"end":{"line":14,"column":56}},"7":{"start":{"line":17,"column":2},"end":{"line":17,"column":42}},"8":{"start":{"line":19,"column":2},"end":{"line":21,"column":3}},"9":{"start":{"line":20,"column":4},"end":{"line":20,"column":58}},"10":{"start":{"line":22,"column":2},"end":{"line":22,"column":16}}},"fnMap":{"0":{"name":"sortObjectProperties","decl":{"start":{"line":1,"column":24},"end":{"line":1,"column":44}},"loc":{"start":{"line":1,"column":60},"end":{"line":23,"column":1}},"line":1},"1":{"name":"(anonymous_1)","decl":{"start":{"line":6,"column":10},"end":{"line":6,"column":11}},"loc":{"start":{"line":6,"column":20},"end":{"line":11,"column":5}},"line":6}},"branchMap":{"0":{"loc":{"start":{"line":7,"column":6},"end":{"line":9,"column":7}},"type":"if","locations":[{"start":{"line":7,"column":6},"end":{"line":9,"column":7}},{"start":{"line":7,"column":6},"end":{"line":9,"column":7}}],"line":7}},"s":{"0":1,"1":1,"2":9,"3":3,"4":6,"5":1,"6":2,"7":1,"8":1,"9":5,"10":1},"f":{"0":1,"1":9},"b":{"0":[3,6]},"_coverageSchema":"43e27e138ebf9cfc5966b082cf9a028302ed4184","hash":"cd6c85ce3ec929537f8df5e27d9fcdb82d2b8de0"}
}
